<?xml version="1.0" encoding="UTF-8"?>
<!-- Generated by org.testng.reporters.JUnitReportReporter -->
<testsuite hostname="iMacalkhasblmy" failures="0" tests="3" name="SingInTS_1" time="44.217" errors="0" timestamp="2 Sep 2022 10:34:52 GMT">
  <testcase classname="SingInTS_1" name="TC_02" time="13.050"/>
  <testcase classname="SingInTS_1" name="TC_01" time="21.698"/>
  <testcase classname="SingInTS_1" name="TC_03" time="9.469"/>
</testsuite> <!-- SingInTS_1 -->
